2018-08-22 11:34:47,436 [WARN] from slick.basic.DatabaseConfig in play-dev-mode-akka.actor.default-dispatcher-9 - Use `profile` instead of `driver`. The latter is deprecated since Slick 3.2 and will be removed.
2018-08-22 11:34:48,308 [INFO] from play.api.http.EnabledFilters in play-dev-mode-akka.actor.default-dispatcher-9 - Enabled Filters (see <https://www.playframework.com/documentation/latest/Filters>):

    play.filters.csrf.CSRFFilter
    play.filters.headers.SecurityHeadersFilter
    play.filters.hosts.AllowedHostsFilter

2018-08-22 11:34:48,313 [INFO] from play.api.Play in play-dev-mode-akka.actor.default-dispatcher-9 - Application started (Dev)
2018-08-22 12:53:44,590 [WARN] from slick.basic.DatabaseConfig in ForkJoinPool-1-worker-5 - Use `profile` instead of `driver`. The latter is deprecated since Slick 3.2 and will be removed.
2018-08-22 12:54:40,010 [WARN] from slick.basic.DatabaseConfig in ForkJoinPool-1-worker-1 - Use `profile` instead of `driver`. The latter is deprecated since Slick 3.2 and will be removed.
2018-08-22 13:13:32,548 [ERROR] from application in play-dev-mode-akka.actor.default-dispatcher-19 - 

! @792j9ldgj - Internal server error, for (GET) [/register] ->
 
play.sbt.PlayExceptions$CompilationException: Compilation error[value cacheRepo is not a member of play.api.mvc.Session
possible cause: maybe a semicolon is missing before `value cacheRepo'?]
	at play.sbt.PlayExceptions$CompilationException$.apply(PlayExceptions.scala:27)
	at play.sbt.PlayExceptions$CompilationException$.apply(PlayExceptions.scala:27)
	at scala.Option.map(Option.scala:145)
	at play.sbt.run.PlayReload$$anonfun$taskFailureHandler$1.apply(PlayReload.scala:49)
	at play.sbt.run.PlayReload$$anonfun$taskFailureHandler$1.apply(PlayReload.scala:44)
	at scala.Option.map(Option.scala:145)
	at play.sbt.run.PlayReload$.taskFailureHandler(PlayReload.scala:44)
	at play.sbt.run.PlayReload$.compileFailure(PlayReload.scala:40)
	at play.sbt.run.PlayReload$$anonfun$compile$1.apply(PlayReload.scala:17)
	at play.sbt.run.PlayReload$$anonfun$compile$1.apply(PlayReload.scala:17)
	at scala.util.Either$LeftProjection.map(Either.scala:377)
	at play.sbt.run.PlayReload$.compile(PlayReload.scala:17)
	at play.sbt.run.PlayRun$$anonfun$playRunTask$1$$anonfun$apply$2$$anonfun$apply$3$$anonfun$3.apply(PlayRun.scala:71)
	at play.sbt.run.PlayRun$$anonfun$playRunTask$1$$anonfun$apply$2$$anonfun$apply$3$$anonfun$3.apply(PlayRun.scala:71)
	at play.runsupport.Reloader$$anonfun$reload$1.apply(Reloader.scala:413)
	at play.runsupport.Reloader$$anon$5.run(Reloader.scala:51)
	at java.security.AccessController.doPrivileged(Native Method)
	at play.runsupport.Reloader$.play$runsupport$Reloader$$withReloaderContextClassLoader(Reloader.scala:47)
	at play.runsupport.Reloader.reload(Reloader.scala:411)
	at play.core.server.DevServerStart$$anonfun$mainDev$1$$anon$1.get(DevServerStart.scala:123)
	at play.core.server.Server$class.getHandlerFor(Server.scala:64)
	at play.core.server.AkkaHttpServer.getHandlerFor(AkkaHttpServer.scala:42)
	at play.core.server.AkkaHttpServer.getHandler(AkkaHttpServer.scala:215)
	at play.core.server.AkkaHttpServer.play$core$server$AkkaHttpServer$$handleRequest(AkkaHttpServer.scala:195)
	at play.core.server.AkkaHttpServer$$anonfun$5.apply(AkkaHttpServer.scala:107)
	at play.core.server.AkkaHttpServer$$anonfun$5.apply(AkkaHttpServer.scala:107)
	at akka.stream.impl.fusing.MapAsync$$anon$23.onPush(Ops.scala:1172)
	at akka.stream.impl.fusing.GraphInterpreter.processPush(GraphInterpreter.scala:499)
	at akka.stream.impl.fusing.GraphInterpreter.processEvent(GraphInterpreter.scala:462)
	at akka.stream.impl.fusing.GraphInterpreter.execute(GraphInterpreter.scala:368)
	at akka.stream.impl.fusing.GraphInterpreterShell.runBatch(ActorGraphInterpreter.scala:571)
	at akka.stream.impl.fusing.GraphInterpreterShell$AsyncInput.execute(ActorGraphInterpreter.scala:457)
	at akka.stream.impl.fusing.GraphInterpreterShell.processEvent(ActorGraphInterpreter.scala:546)
	at akka.stream.impl.fusing.ActorGraphInterpreter.akka$stream$impl$fusing$ActorGraphInterpreter$$processEvent(ActorGraphInterpreter.scala:725)
	at akka.stream.impl.fusing.ActorGraphInterpreter$$anonfun$receive$1.applyOrElse(ActorGraphInterpreter.scala:740)
	at akka.actor.Actor$class.aroundReceive(Actor.scala:513)
	at akka.stream.impl.fusing.ActorGraphInterpreter.aroundReceive(ActorGraphInterpreter.scala:650)
	at akka.actor.ActorCell.receiveMessage(ActorCell.scala:527)
	at akka.actor.ActorCell.invoke(ActorCell.scala:496)
	at akka.dispatch.Mailbox.processMailbox(Mailbox.scala:257)
	at akka.dispatch.Mailbox.run(Mailbox.scala:224)
	at akka.dispatch.Mailbox.exec(Mailbox.scala:234)
	at akka.dispatch.forkjoin.ForkJoinTask.doExec(ForkJoinTask.java:260)
	at akka.dispatch.forkjoin.ForkJoinPool$WorkQueue.runTask(ForkJoinPool.java:1339)
	at akka.dispatch.forkjoin.ForkJoinPool.runWorker(ForkJoinPool.java:1979)
	at akka.dispatch.forkjoin.ForkJoinWorkerThread.run(ForkJoinWorkerThread.java:107)
